[04-Jan-2026 00:37:51 Europe/Berlin] PHP Warning:  Undefined array key 0 in E:\MultiProjet\www\Pointage\statistiques\get_presence_data_annuel.php on line 88
[04-Jan-2026 00:37:51 Europe/Berlin] PHP Warning:  Undefined array key -1 in E:\MultiProjet\www\Pointage\statistiques\get_presence_data_annuel.php on line 89
[04-Jan-2026 00:37:51 Europe/Berlin] PHP Warning:  Trying to access array offset on value of type null in E:\MultiProjet\www\Pointage\statistiques\get_presence_data_annuel.php on line 91
[04-Jan-2026 00:37:51 Europe/Berlin] PHP Warning:  Trying to access array offset on value of type null in E:\MultiProjet\www\Pointage\statistiques\get_presence_data_annuel.php on line 92
[04-Jan-2026 00:37:58 Europe/Berlin] PHP Warning:  Undefined array key 0 in E:\MultiProjet\www\Pointage\statistiques\get_presence_data_annuel.php on line 88
[04-Jan-2026 00:37:58 Europe/Berlin] PHP Warning:  Undefined array key -1 in E:\MultiProjet\www\Pointage\statistiques\get_presence_data_annuel.php on line 89
[04-Jan-2026 00:37:58 Europe/Berlin] PHP Warning:  Trying to access array offset on value of type null in E:\MultiProjet\www\Pointage\statistiques\get_presence_data_annuel.php on line 91
[04-Jan-2026 00:37:58 Europe/Berlin] PHP Warning:  Trying to access array offset on value of type null in E:\MultiProjet\www\Pointage\statistiques\get_presence_data_annuel.php on line 92
[04-Jan-2026 00:39:40 Europe/Berlin] PHP Warning:  Undefined array key 0 in E:\MultiProjet\www\Pointage\statistiques\get_presence_data_annuel.php on line 88
[04-Jan-2026 00:39:40 Europe/Berlin] PHP Warning:  Undefined array key -1 in E:\MultiProjet\www\Pointage\statistiques\get_presence_data_annuel.php on line 89
[04-Jan-2026 00:39:40 Europe/Berlin] PHP Warning:  Trying to access array offset on value of type null in E:\MultiProjet\www\Pointage\statistiques\get_presence_data_annuel.php on line 91
[04-Jan-2026 00:39:40 Europe/Berlin] PHP Warning:  Trying to access array offset on value of type null in E:\MultiProjet\www\Pointage\statistiques\get_presence_data_annuel.php on line 92
[04-Jan-2026 00:51:46 Europe/Berlin] PHP Warning:  Undefined variable $dataParSemaire in E:\MultiProjet\www\Pointage\statistiques\get_presence_data_annuel.php on line 164
[04-Jan-2026 00:51:46 Europe/Berlin] PHP Warning:  Undefined array key 4 in E:\MultiProjet\www\Pointage\statistiques\get_presence_data_annuel.php on line 164
[04-Jan-2026 00:51:46 Europe/Berlin] PHP Warning:  Undefined array key "partenaires" in E:\MultiProjet\www\Pointage\statistiques\get_presence_data_annuel.php on line 164
[04-Jan-2026 00:51:46 Europe/Berlin] PHP Warning:  Undefined array key 5 in E:\MultiProjet\www\Pointage\statistiques\get_presence_data_annuel.php on line 164
[04-Jan-2026 00:51:46 Europe/Berlin] PHP Warning:  Undefined array key "partenaires" in E:\MultiProjet\www\Pointage\statistiques\get_presence_data_annuel.php on line 164
[04-Jan-2026 00:51:46 Europe/Berlin] PHP Warning:  Undefined array key 6 in E:\MultiProjet\www\Pointage\statistiques\get_presence_data_annuel.php on line 164
[04-Jan-2026 00:51:46 Europe/Berlin] PHP Warning:  Undefined array key "partenaires" in E:\MultiProjet\www\Pointage\statistiques\get_presence_data_annuel.php on line 164
[04-Jan-2026 00:51:46 Europe/Berlin] PHP Warning:  Undefined array key 9 in E:\MultiProjet\www\Pointage\statistiques\get_presence_data_annuel.php on line 164
[04-Jan-2026 00:51:46 Europe/Berlin] PHP Warning:  Undefined array key "partenaires" in E:\MultiProjet\www\Pointage\statistiques\get_presence_data_annuel.php on line 164
[04-Jan-2026 00:51:46 Europe/Berlin] PHP Warning:  Undefined array key 10 in E:\MultiProjet\www\Pointage\statistiques\get_presence_data_annuel.php on line 164
[04-Jan-2026 00:51:46 Europe/Berlin] PHP Warning:  Undefined array key "partenaires" in E:\MultiProjet\www\Pointage\statistiques\get_presence_data_annuel.php on line 164
[04-Jan-2026 00:51:46 Europe/Berlin] PHP Warning:  Undefined array key 11 in E:\MultiProjet\www\Pointage\statistiques\get_presence_data_annuel.php on line 164
[04-Jan-2026 00:51:46 Europe/Berlin] PHP Warning:  Undefined array key "partenaires" in E:\MultiProjet\www\Pointage\statistiques\get_presence_data_annuel.php on line 164
[04-Jan-2026 00:51:46 Europe/Berlin] PHP Warning:  Undefined array key 12 in E:\MultiProjet\www\Pointage\statistiques\get_presence_data_annuel.php on line 164
[04-Jan-2026 00:51:46 Europe/Berlin] PHP Warning:  Undefined array key "partenaires" in E:\MultiProjet\www\Pointage\statistiques\get_presence_data_annuel.php on line 164
[04-Jan-2026 00:51:46 Europe/Berlin] PHP Warning:  Undefined array key 13 in E:\MultiProjet\www\Pointage\statistiques\get_presence_data_annuel.php on line 164
[04-Jan-2026 00:51:46 Europe/Berlin] PHP Warning:  Undefined array key "partenaires" in E:\MultiProjet\www\Pointage\statistiques\get_presence_data_annuel.php on line 164
[04-Jan-2026 00:51:46 Europe/Berlin] PHP Warning:  Undefined array key 14 in E:\MultiProjet\www\Pointage\statistiques\get_presence_data_annuel.php on line 164
[04-Jan-2026 00:51:46 Europe/Berlin] PHP Warning:  Undefined array key "partenaires" in E:\MultiProjet\www\Pointage\statistiques\get_presence_data_annuel.php on line 164
[04-Jan-2026 00:51:46 Europe/Berlin] PHP Warning:  Undefined array key 15 in E:\MultiProjet\www\Pointage\statistiques\get_presence_data_annuel.php on line 164
[04-Jan-2026 00:51:46 Europe/Berlin] PHP Warning:  Undefined array key "partenaires" in E:\MultiProjet\www\Pointage\statistiques\get_presence_data_annuel.php on line 164
[04-Jan-2026 00:51:46 Europe/Berlin] PHP Warning:  Undefined array key 17 in E:\MultiProjet\www\Pointage\statistiques\get_presence_data_annuel.php on line 164
[04-Jan-2026 00:51:46 Europe/Berlin] PHP Warning:  Undefined array key "partenaires" in E:\MultiProjet\www\Pointage\statistiques\get_presence_data_annuel.php on line 164
[04-Jan-2026 00:51:46 Europe/Berlin] PHP Warning:  Undefined array key 18 in E:\MultiProjet\www\Pointage\statistiques\get_presence_data_annuel.php on line 164
[04-Jan-2026 00:51:46 Europe/Berlin] PHP Warning:  Undefined array key "partenaires" in E:\MultiProjet\www\Pointage\statistiques\get_presence_data_annuel.php on line 164
[04-Jan-2026 00:51:46 Europe/Berlin] PHP Warning:  Undefined array key 19 in E:\MultiProjet\www\Pointage\statistiques\get_presence_data_annuel.php on line 164
[04-Jan-2026 00:51:46 Europe/Berlin] PHP Warning:  Undefined array key "partenaires" in E:\MultiProjet\www\Pointage\statistiques\get_presence_data_annuel.php on line 164
[04-Jan-2026 00:51:46 Europe/Berlin] PHP Warning:  Undefined array key 21 in E:\MultiProjet\www\Pointage\statistiques\get_presence_data_annuel.php on line 164
[04-Jan-2026 00:51:46 Europe/Berlin] PHP Warning:  Undefined array key "partenaires" in E:\MultiProjet\www\Pointage\statistiques\get_presence_data_annuel.php on line 164
[04-Jan-2026 00:51:46 Europe/Berlin] PHP Warning:  Undefined array key 22 in E:\MultiProjet\www\Pointage\statistiques\get_presence_data_annuel.php on line 164
[04-Jan-2026 00:51:46 Europe/Berlin] PHP Warning:  Undefined array key "partenaires" in E:\MultiProjet\www\Pointage\statistiques\get_presence_data_annuel.php on line 164
[04-Jan-2026 00:51:46 Europe/Berlin] PHP Warning:  Undefined array key 23 in E:\MultiProjet\www\Pointage\statistiques\get_presence_data_annuel.php on line 164
[04-Jan-2026 00:51:46 Europe/Berlin] PHP Warning:  Undefined array key "partenaires" in E:\MultiProjet\www\Pointage\statistiques\get_presence_data_annuel.php on line 164
[04-Jan-2026 00:51:46 Europe/Berlin] PHP Warning:  Undefined array key 24 in E:\MultiProjet\www\Pointage\statistiques\get_presence_data_annuel.php on line 164
[04-Jan-2026 00:51:46 Europe/Berlin] PHP Warning:  Undefined array key "partenaires" in E:\MultiProjet\www\Pointage\statistiques\get_presence_data_annuel.php on line 164
[04-Jan-2026 00:51:46 Europe/Berlin] PHP Warning:  Undefined array key 25 in E:\MultiProjet\www\Pointage\statistiques\get_presence_data_annuel.php on line 164
[04-Jan-2026 00:51:46 Europe/Berlin] PHP Warning:  Undefined array key "partenaires" in E:\MultiProjet\www\Pointage\statistiques\get_presence_data_annuel.php on line 164
[04-Jan-2026 00:51:46 Europe/Berlin] PHP Warning:  Undefined array key 26 in E:\MultiProjet\www\Pointage\statistiques\get_presence_data_annuel.php on line 164
[04-Jan-2026 00:51:46 Europe/Berlin] PHP Warning:  Undefined array key "partenaires" in E:\MultiProjet\www\Pointage\statistiques\get_presence_data_annuel.php on line 164
[04-Jan-2026 00:51:46 Europe/Berlin] PHP Warning:  Undefined array key 28 in E:\MultiProjet\www\Pointage\statistiques\get_presence_data_annuel.php on line 164
[04-Jan-2026 00:51:46 Europe/Berlin] PHP Warning:  Undefined array key "partenaires" in E:\MultiProjet\www\Pointage\statistiques\get_presence_data_annuel.php on line 164
[04-Jan-2026 00:51:46 Europe/Berlin] PHP Warning:  Undefined array key 30 in E:\MultiProjet\www\Pointage\statistiques\get_presence_data_annuel.php on line 164
[04-Jan-2026 00:51:46 Europe/Berlin] PHP Warning:  Undefined array key "partenaires" in E:\MultiProjet\www\Pointage\statistiques\get_presence_data_annuel.php on line 164
[04-Jan-2026 00:51:46 Europe/Berlin] PHP Warning:  Undefined array key 32 in E:\MultiProjet\www\Pointage\statistiques\get_presence_data_annuel.php on line 164
[04-Jan-2026 00:51:46 Europe/Berlin] PHP Warning:  Undefined array key "partenaires" in E:\MultiProjet\www\Pointage\statistiques\get_presence_data_annuel.php on line 164
[04-Jan-2026 00:51:46 Europe/Berlin] PHP Warning:  Undefined array key 35 in E:\MultiProjet\www\Pointage\statistiques\get_presence_data_annuel.php on line 164
[04-Jan-2026 00:51:46 Europe/Berlin] PHP Warning:  Undefined array key "partenaires" in E:\MultiProjet\www\Pointage\statistiques\get_presence_data_annuel.php on line 164
[04-Jan-2026 00:51:46 Europe/Berlin] PHP Warning:  Undefined array key 40 in E:\MultiProjet\www\Pointage\statistiques\get_presence_data_annuel.php on line 164
[04-Jan-2026 00:51:46 Europe/Berlin] PHP Warning:  Undefined array key "partenaires" in E:\MultiProjet\www\Pointage\statistiques\get_presence_data_annuel.php on line 164
[04-Jan-2026 00:51:46 Europe/Berlin] PHP Warning:  Undefined array key 41 in E:\MultiProjet\www\Pointage\statistiques\get_presence_data_annuel.php on line 164
[04-Jan-2026 00:51:46 Europe/Berlin] PHP Warning:  Undefined array key "partenaires" in E:\MultiProjet\www\Pointage\statistiques\get_presence_data_annuel.php on line 164
[04-Jan-2026 00:51:46 Europe/Berlin] PHP Warning:  Undefined array key 43 in E:\MultiProjet\www\Pointage\statistiques\get_presence_data_annuel.php on line 164
[04-Jan-2026 00:51:46 Europe/Berlin] PHP Warning:  Undefined array key "partenaires" in E:\MultiProjet\www\Pointage\statistiques\get_presence_data_annuel.php on line 164
[04-Jan-2026 00:51:46 Europe/Berlin] PHP Warning:  Undefined array key 44 in E:\MultiProjet\www\Pointage\statistiques\get_presence_data_annuel.php on line 164
[04-Jan-2026 00:51:46 Europe/Berlin] PHP Warning:  Undefined array key "partenaires" in E:\MultiProjet\www\Pointage\statistiques\get_presence_data_annuel.php on line 164
[04-Jan-2026 00:51:46 Europe/Berlin] PHP Warning:  Undefined array key 45 in E:\MultiProjet\www\Pointage\statistiques\get_presence_data_annuel.php on line 164
[04-Jan-2026 00:51:46 Europe/Berlin] PHP Warning:  Undefined array key "partenaires" in E:\MultiProjet\www\Pointage\statistiques\get_presence_data_annuel.php on line 164
[04-Jan-2026 00:51:46 Europe/Berlin] PHP Warning:  Undefined array key 46 in E:\MultiProjet\www\Pointage\statistiques\get_presence_data_annuel.php on line 164
[04-Jan-2026 00:51:46 Europe/Berlin] PHP Warning:  Undefined array key "partenaires" in E:\MultiProjet\www\Pointage\statistiques\get_presence_data_annuel.php on line 164
[04-Jan-2026 00:51:46 Europe/Berlin] PHP Warning:  Undefined array key 47 in E:\MultiProjet\www\Pointage\statistiques\get_presence_data_annuel.php on line 164
[04-Jan-2026 00:51:46 Europe/Berlin] PHP Warning:  Undefined array key "partenaires" in E:\MultiProjet\www\Pointage\statistiques\get_presence_data_annuel.php on line 164
[04-Jan-2026 00:51:46 Europe/Berlin] PHP Warning:  Undefined array key 49 in E:\MultiProjet\www\Pointage\statistiques\get_presence_data_annuel.php on line 164
[04-Jan-2026 00:51:46 Europe/Berlin] PHP Warning:  Undefined array key "partenaires" in E:\MultiProjet\www\Pointage\statistiques\get_presence_data_annuel.php on line 164
[04-Jan-2026 00:51:46 Europe/Berlin] PHP Warning:  Undefined array key 50 in E:\MultiProjet\www\Pointage\statistiques\get_presence_data_annuel.php on line 164
[04-Jan-2026 00:51:46 Europe/Berlin] PHP Warning:  Undefined array key "partenaires" in E:\MultiProjet\www\Pointage\statistiques\get_presence_data_annuel.php on line 164
[04-Jan-2026 00:52:07 Europe/Berlin] PHP Warning:  Undefined variable $dataParSemaire in E:\MultiProjet\www\Pointage\statistiques\get_presence_data_annuel.php on line 164
[04-Jan-2026 00:52:07 Europe/Berlin] PHP Warning:  Undefined array key 4 in E:\MultiProjet\www\Pointage\statistiques\get_presence_data_annuel.php on line 164
[04-Jan-2026 00:52:07 Europe/Berlin] PHP Warning:  Undefined array key "partenaires" in E:\MultiProjet\www\Pointage\statistiques\get_presence_data_annuel.php on line 164
[04-Jan-2026 00:52:07 Europe/Berlin] PHP Warning:  Undefined array key 5 in E:\MultiProjet\www\Pointage\statistiques\get_presence_data_annuel.php on line 164
[04-Jan-2026 00:52:07 Europe/Berlin] PHP Warning:  Undefined array key "partenaires" in E:\MultiProjet\www\Pointage\statistiques\get_presence_data_annuel.php on line 164
[04-Jan-2026 00:52:07 Europe/Berlin] PHP Warning:  Undefined array key 6 in E:\MultiProjet\www\Pointage\statistiques\get_presence_data_annuel.php on line 164
[04-Jan-2026 00:52:07 Europe/Berlin] PHP Warning:  Undefined array key "partenaires" in E:\MultiProjet\www\Pointage\statistiques\get_presence_data_annuel.php on line 164
[04-Jan-2026 00:52:07 Europe/Berlin] PHP Warning:  Undefined array key 9 in E:\MultiProjet\www\Pointage\statistiques\get_presence_data_annuel.php on line 164
[04-Jan-2026 00:52:07 Europe/Berlin] PHP Warning:  Undefined array key "partenaires" in E:\MultiProjet\www\Pointage\statistiques\get_presence_data_annuel.php on line 164
[04-Jan-2026 00:52:07 Europe/Berlin] PHP Warning:  Undefined array key 10 in E:\MultiProjet\www\Pointage\statistiques\get_presence_data_annuel.php on line 164
[04-Jan-2026 00:52:07 Europe/Berlin] PHP Warning:  Undefined array key "partenaires" in E:\MultiProjet\www\Pointage\statistiques\get_presence_data_annuel.php on line 164
[04-Jan-2026 00:52:07 Europe/Berlin] PHP Warning:  Undefined array key 11 in E:\MultiProjet\www\Pointage\statistiques\get_presence_data_annuel.php on line 164
[04-Jan-2026 00:52:07 Europe/Berlin] PHP Warning:  Undefined array key "partenaires" in E:\MultiProjet\www\Pointage\statistiques\get_presence_data_annuel.php on line 164
[04-Jan-2026 00:52:07 Europe/Berlin] PHP Warning:  Undefined array key 12 in E:\MultiProjet\www\Pointage\statistiques\get_presence_data_annuel.php on line 164
[04-Jan-2026 00:52:07 Europe/Berlin] PHP Warning:  Undefined array key "partenaires" in E:\MultiProjet\www\Pointage\statistiques\get_presence_data_annuel.php on line 164
[04-Jan-2026 00:52:07 Europe/Berlin] PHP Warning:  Undefined array key 13 in E:\MultiProjet\www\Pointage\statistiques\get_presence_data_annuel.php on line 164
[04-Jan-2026 00:52:07 Europe/Berlin] PHP Warning:  Undefined array key "partenaires" in E:\MultiProjet\www\Pointage\statistiques\get_presence_data_annuel.php on line 164
[04-Jan-2026 00:52:07 Europe/Berlin] PHP Warning:  Undefined array key 14 in E:\MultiProjet\www\Pointage\statistiques\get_presence_data_annuel.php on line 164
[04-Jan-2026 00:52:07 Europe/Berlin] PHP Warning:  Undefined array key "partenaires" in E:\MultiProjet\www\Pointage\statistiques\get_presence_data_annuel.php on line 164
[04-Jan-2026 00:52:07 Europe/Berlin] PHP Warning:  Undefined array key 15 in E:\MultiProjet\www\Pointage\statistiques\get_presence_data_annuel.php on line 164
[04-Jan-2026 00:52:07 Europe/Berlin] PHP Warning:  Undefined array key "partenaires" in E:\MultiProjet\www\Pointage\statistiques\get_presence_data_annuel.php on line 164
[04-Jan-2026 00:52:07 Europe/Berlin] PHP Warning:  Undefined array key 17 in E:\MultiProjet\www\Pointage\statistiques\get_presence_data_annuel.php on line 164
[04-Jan-2026 00:52:07 Europe/Berlin] PHP Warning:  Undefined array key "partenaires" in E:\MultiProjet\www\Pointage\statistiques\get_presence_data_annuel.php on line 164
[04-Jan-2026 00:52:07 Europe/Berlin] PHP Warning:  Undefined array key 18 in E:\MultiProjet\www\Pointage\statistiques\get_presence_data_annuel.php on line 164
[04-Jan-2026 00:52:07 Europe/Berlin] PHP Warning:  Undefined array key "partenaires" in E:\MultiProjet\www\Pointage\statistiques\get_presence_data_annuel.php on line 164
[04-Jan-2026 00:52:07 Europe/Berlin] PHP Warning:  Undefined array key 19 in E:\MultiProjet\www\Pointage\statistiques\get_presence_data_annuel.php on line 164
[04-Jan-2026 00:52:07 Europe/Berlin] PHP Warning:  Undefined array key "partenaires" in E:\MultiProjet\www\Pointage\statistiques\get_presence_data_annuel.php on line 164
[04-Jan-2026 00:52:07 Europe/Berlin] PHP Warning:  Undefined array key 21 in E:\MultiProjet\www\Pointage\statistiques\get_presence_data_annuel.php on line 164
[04-Jan-2026 00:52:07 Europe/Berlin] PHP Warning:  Undefined array key "partenaires" in E:\MultiProjet\www\Pointage\statistiques\get_presence_data_annuel.php on line 164
[04-Jan-2026 00:52:07 Europe/Berlin] PHP Warning:  Undefined array key 22 in E:\MultiProjet\www\Pointage\statistiques\get_presence_data_annuel.php on line 164
[04-Jan-2026 00:52:07 Europe/Berlin] PHP Warning:  Undefined array key "partenaires" in E:\MultiProjet\www\Pointage\statistiques\get_presence_data_annuel.php on line 164
[04-Jan-2026 00:52:07 Europe/Berlin] PHP Warning:  Undefined array key 23 in E:\MultiProjet\www\Pointage\statistiques\get_presence_data_annuel.php on line 164
[04-Jan-2026 00:52:07 Europe/Berlin] PHP Warning:  Undefined array key "partenaires" in E:\MultiProjet\www\Pointage\statistiques\get_presence_data_annuel.php on line 164
[04-Jan-2026 00:52:07 Europe/Berlin] PHP Warning:  Undefined array key 24 in E:\MultiProjet\www\Pointage\statistiques\get_presence_data_annuel.php on line 164
[04-Jan-2026 00:52:07 Europe/Berlin] PHP Warning:  Undefined array key "partenaires" in E:\MultiProjet\www\Pointage\statistiques\get_presence_data_annuel.php on line 164
[04-Jan-2026 00:52:07 Europe/Berlin] PHP Warning:  Undefined array key 25 in E:\MultiProjet\www\Pointage\statistiques\get_presence_data_annuel.php on line 164
[04-Jan-2026 00:52:07 Europe/Berlin] PHP Warning:  Undefined array key "partenaires" in E:\MultiProjet\www\Pointage\statistiques\get_presence_data_annuel.php on line 164
[04-Jan-2026 00:52:07 Europe/Berlin] PHP Warning:  Undefined array key 26 in E:\MultiProjet\www\Pointage\statistiques\get_presence_data_annuel.php on line 164
[04-Jan-2026 00:52:07 Europe/Berlin] PHP Warning:  Undefined array key "partenaires" in E:\MultiProjet\www\Pointage\statistiques\get_presence_data_annuel.php on line 164
[04-Jan-2026 00:52:07 Europe/Berlin] PHP Warning:  Undefined array key 28 in E:\MultiProjet\www\Pointage\statistiques\get_presence_data_annuel.php on line 164
[04-Jan-2026 00:52:07 Europe/Berlin] PHP Warning:  Undefined array key "partenaires" in E:\MultiProjet\www\Pointage\statistiques\get_presence_data_annuel.php on line 164
[04-Jan-2026 00:52:07 Europe/Berlin] PHP Warning:  Undefined array key 30 in E:\MultiProjet\www\Pointage\statistiques\get_presence_data_annuel.php on line 164
[04-Jan-2026 00:52:07 Europe/Berlin] PHP Warning:  Undefined array key "partenaires" in E:\MultiProjet\www\Pointage\statistiques\get_presence_data_annuel.php on line 164
[04-Jan-2026 00:52:07 Europe/Berlin] PHP Warning:  Undefined array key 32 in E:\MultiProjet\www\Pointage\statistiques\get_presence_data_annuel.php on line 164
[04-Jan-2026 00:52:07 Europe/Berlin] PHP Warning:  Undefined array key "partenaires" in E:\MultiProjet\www\Pointage\statistiques\get_presence_data_annuel.php on line 164
[04-Jan-2026 00:52:07 Europe/Berlin] PHP Warning:  Undefined array key 35 in E:\MultiProjet\www\Pointage\statistiques\get_presence_data_annuel.php on line 164
[04-Jan-2026 00:52:07 Europe/Berlin] PHP Warning:  Undefined array key "partenaires" in E:\MultiProjet\www\Pointage\statistiques\get_presence_data_annuel.php on line 164
[04-Jan-2026 00:52:07 Europe/Berlin] PHP Warning:  Undefined array key 40 in E:\MultiProjet\www\Pointage\statistiques\get_presence_data_annuel.php on line 164
[04-Jan-2026 00:52:07 Europe/Berlin] PHP Warning:  Undefined array key "partenaires" in E:\MultiProjet\www\Pointage\statistiques\get_presence_data_annuel.php on line 164
[04-Jan-2026 00:52:07 Europe/Berlin] PHP Warning:  Undefined array key 41 in E:\MultiProjet\www\Pointage\statistiques\get_presence_data_annuel.php on line 164
[04-Jan-2026 00:52:07 Europe/Berlin] PHP Warning:  Undefined array key "partenaires" in E:\MultiProjet\www\Pointage\statistiques\get_presence_data_annuel.php on line 164
[04-Jan-2026 00:52:07 Europe/Berlin] PHP Warning:  Undefined array key 43 in E:\MultiProjet\www\Pointage\statistiques\get_presence_data_annuel.php on line 164
[04-Jan-2026 00:52:07 Europe/Berlin] PHP Warning:  Undefined array key "partenaires" in E:\MultiProjet\www\Pointage\statistiques\get_presence_data_annuel.php on line 164
[04-Jan-2026 00:52:07 Europe/Berlin] PHP Warning:  Undefined array key 44 in E:\MultiProjet\www\Pointage\statistiques\get_presence_data_annuel.php on line 164
[04-Jan-2026 00:52:07 Europe/Berlin] PHP Warning:  Undefined array key "partenaires" in E:\MultiProjet\www\Pointage\statistiques\get_presence_data_annuel.php on line 164
[04-Jan-2026 00:52:07 Europe/Berlin] PHP Warning:  Undefined array key 45 in E:\MultiProjet\www\Pointage\statistiques\get_presence_data_annuel.php on line 164
[04-Jan-2026 00:52:07 Europe/Berlin] PHP Warning:  Undefined array key "partenaires" in E:\MultiProjet\www\Pointage\statistiques\get_presence_data_annuel.php on line 164
[04-Jan-2026 00:52:07 Europe/Berlin] PHP Warning:  Undefined array key 46 in E:\MultiProjet\www\Pointage\statistiques\get_presence_data_annuel.php on line 164
[04-Jan-2026 00:52:07 Europe/Berlin] PHP Warning:  Undefined array key "partenaires" in E:\MultiProjet\www\Pointage\statistiques\get_presence_data_annuel.php on line 164
[04-Jan-2026 00:52:07 Europe/Berlin] PHP Warning:  Undefined array key 47 in E:\MultiProjet\www\Pointage\statistiques\get_presence_data_annuel.php on line 164
[04-Jan-2026 00:52:07 Europe/Berlin] PHP Warning:  Undefined array key "partenaires" in E:\MultiProjet\www\Pointage\statistiques\get_presence_data_annuel.php on line 164
[04-Jan-2026 00:52:07 Europe/Berlin] PHP Warning:  Undefined array key 49 in E:\MultiProjet\www\Pointage\statistiques\get_presence_data_annuel.php on line 164
[04-Jan-2026 00:52:08 Europe/Berlin] PHP Warning:  Undefined array key "partenaires" in E:\MultiProjet\www\Pointage\statistiques\get_presence_data_annuel.php on line 164
[04-Jan-2026 00:52:08 Europe/Berlin] PHP Warning:  Undefined array key 50 in E:\MultiProjet\www\Pointage\statistiques\get_presence_data_annuel.php on line 164
[04-Jan-2026 00:52:08 Europe/Berlin] PHP Warning:  Undefined array key "partenaires" in E:\MultiProjet\www\Pointage\statistiques\get_presence_data_annuel.php on line 164
